{"numTotalTestSuites":39,"numPassedTestSuites":37,"numFailedTestSuites":2,"numPendingTestSuites":0,"numTotalTests":67,"numPassedTests":66,"numFailedTests":1,"numPendingTests":0,"numTodoTests":0,"snapshot":{"added":0,"failure":false,"filesAdded":0,"filesRemoved":0,"filesRemovedList":[],"filesUnmatched":0,"filesUpdated":0,"matched":0,"total":0,"unchecked":0,"uncheckedKeysByFile":[],"unmatched":0,"updated":0,"didUpdate":false},"startTime":1773096362952,"success":false,"testResults":[{"assertionResults":[{"ancestorTitles":["filterArticles"],"fullName":"filterArticles filters by visibility and status while keeping newest results first","status":"passed","title":"filters by visibility and status while keeping newest results first","duration":4.762875000000349,"failureMessages":[],"meta":{}},{"ancestorTitles":["filterArticles"],"fullName":"filterArticles matches search across title, slug, and tags with collection filters","status":"passed","title":"matches search across title, slug, and tags with collection filters","duration":0.9316669999989244,"failureMessages":[],"meta":{}}],"startTime":1773096398937,"endTime":1773096398942.9316,"status":"passed","message":"","name":"/Users/jack/dev/Repos/opencom-prod/apps/web/src/app/articles/articlesAdminUtils.test.ts"},{"assertionResults":[{"ancestorTitles":["InboxThreadPane"],"fullName":"InboxThreadPane shows recent content, snippet actions, and snippet workflow controls in the consolidated picker","status":"passed","title":"shows recent content, snippet actions, and snippet workflow controls in the consolidated picker","duration":4954.103125,"failureMessages":[],"meta":{}},{"ancestorTitles":["InboxThreadPane"],"fullName":"InboxThreadPane invokes the inline snippet workflow controls from the composer","status":"passed","title":"invokes the inline snippet workflow controls from the composer","duration":953.1594170000008,"failureMessages":[],"meta":{}},{"ancestorTitles":["InboxThreadPane"],"fullName":"InboxThreadPane inserts snippet content directly from the consolidated picker","status":"passed","title":"inserts snippet content directly from the consolidated picker","duration":578.1442920000009,"failureMessages":[],"meta":{}},{"ancestorTitles":["InboxThreadPane"],"fullName":"InboxThreadPane shows explicit link and content actions for search results","status":"passed","title":"shows explicit link and content actions for search results","duration":410.325499999999,"failureMessages":[],"meta":{}},{"ancestorTitles":["InboxThreadPane"],"fullName":"InboxThreadPane routes internal article search results through content insertion only","status":"passed","title":"routes internal article search results through content insertion only","duration":502.5779580000017,"failureMessages":[],"meta":{}}],"startTime":1773096374255,"endTime":1773096381667.578,"status":"passed","message":"","name":"/Users/jack/dev/Repos/opencom-prod/apps/web/src/app/inbox/InboxThreadPane.test.tsx"},{"assertionResults":[{"ancestorTitles":["login auth UX safeguards"],"fullName":"login auth UX safeguards prevents repeated password submits while request is in-flight","status":"passed","title":"prevents repeated password submits while request is in-flight","duration":4271.018958999999,"failureMessages":[],"meta":{}},{"ancestorTitles":["login auth UX safeguards"],"fullName":"login auth UX safeguards clears password loading state on timeout and allows retry","status":"passed","title":"clears password loading state on timeout and allows retry","duration":624.5962909999998,"failureMessages":[],"meta":{}},{"ancestorTitles":["login auth UX safeguards"],"fullName":"login auth UX safeguards clears OTP send loading state on timeout and allows retry","status":"passed","title":"clears OTP send loading state on timeout and allows retry","duration":796.1635840000017,"failureMessages":[],"meta":{}},{"ancestorTitles":["login auth UX safeguards"],"fullName":"login auth UX safeguards shows friendly account-not-found guidance with direct signup CTA","status":"passed","title":"shows friendly account-not-found guidance with direct signup CTA","duration":613.3188749999972,"failureMessages":[],"meta":{}},{"ancestorTitles":["login auth UX safeguards"],"fullName":"login auth UX safeguards prevents repeated OTP send requests while in-flight","status":"passed","title":"prevents repeated OTP send requests while in-flight","duration":535.4928749999999,"failureMessages":[],"meta":{}},{"ancestorTitles":["login auth UX safeguards"],"fullName":"login auth UX safeguards prevents repeated OTP verify submits while request is in-flight","status":"passed","title":"prevents repeated OTP verify submits while request is in-flight","duration":981.8813330000012,"failureMessages":[],"meta":{}}],"startTime":1773096374534,"endTime":1773096382356.8813,"status":"passed","message":"","name":"/Users/jack/dev/Repos/opencom-prod/apps/web/src/app/login/page.test.tsx"},{"assertionResults":[{"ancestorTitles":["MessengerSettingsSection error feedback"],"fullName":"MessengerSettingsSection error feedback shows actionable feedback when logo validation fails","status":"passed","title":"shows actionable feedback when logo validation fails","duration":3769.792083999999,"failureMessages":[],"meta":{}},{"ancestorTitles":["MessengerSettingsSection error feedback"],"fullName":"MessengerSettingsSection error feedback maps unknown save errors through shared normalization","status":"passed","title":"maps unknown save errors through shared normalization","duration":2103.952874999999,"failureMessages":[],"meta":{}}],"startTime":1773096375822,"endTime":1773096381695.953,"status":"passed","message":"","name":"/Users/jack/dev/Repos/opencom-prod/apps/web/src/app/settings/MessengerSettingsSection.test.tsx"},{"assertionResults":[{"ancestorTitles":["messengerSettingsForm"],"fullName":"messengerSettingsForm builds form state from defaults and normalizes nullable strings","status":"passed","title":"builds form state from defaults and normalizes nullable strings","duration":4.004625000001397,"failureMessages":[],"meta":{}},{"ancestorTitles":["messengerSettingsForm"],"fullName":"messengerSettingsForm keeps at least one language and reassigns the default language when removing it","status":"passed","title":"keeps at least one language and reassigns the default language when removing it","duration":2.5911249999990105,"failureMessages":[],"meta":{}}],"startTime":1773096398306,"endTime":1773096398312.591,"status":"passed","message":"","name":"/Users/jack/dev/Repos/opencom-prod/apps/web/src/app/settings/messengerSettingsForm.test.ts"},{"assertionResults":[{"ancestorTitles":["signup auth UX safeguards"],"fullName":"signup auth UX safeguards prevents repeated signup submits while request is in-flight","status":"passed","title":"prevents repeated signup submits while request is in-flight","duration":4094.291875000001,"failureMessages":[],"meta":{}},{"ancestorTitles":["signup auth UX safeguards"],"fullName":"signup auth UX safeguards clears signup loading state on timeout and allows retry","status":"passed","title":"clears signup loading state on timeout and allows retry","duration":913.3170419999988,"failureMessages":[],"meta":{}},{"ancestorTitles":["signup auth UX safeguards"],"fullName":"signup auth UX safeguards supports email-code signup and persists profile details after verification","status":"failed","title":"supports email-code signup and persists profile details after verification","duration":723.847334,"failureMessages":["TestingLibraryElementError: Unable to find an element with the placeholder text of: 000000\n\nIgnored nodes: comments, script, style\n\u001b[36m<body>\u001b[39m\n  \u001b[36m<div>\u001b[39m\n    \u001b[36m<div\u001b[39m\n      \u001b[33mclass\u001b[39m=\u001b[32m\"min-h-screen flex items-center justify-center bg-background p-4\"\u001b[39m\n    \u001b[36m>\u001b[39m\n      \u001b[36m<div\u001b[39m\n        \u001b[33mclass\u001b[39m=\u001b[32m\"rounded-lg border bg-card text-card-foreground shadow-sm w-full max-w-md\"\u001b[39m\n      \u001b[36m>\u001b[39m\n        \u001b[36m<div\u001b[39m\n          \u001b[33mclass\u001b[39m=\u001b[32m\"flex flex-col space-y-1.5 p-6 text-center\"\u001b[39m\n        \u001b[36m>\u001b[39m\n          \u001b[36m<h3\u001b[39m\n            \u001b[33mclass\u001b[39m=\u001b[32m\"font-semibold tracking-tight text-2xl\"\u001b[39m\n          \u001b[36m>\u001b[39m\n            \u001b[0mOpencom\u001b[0m\n          \u001b[36m</h3>\u001b[39m\n          \u001b[36m<p\u001b[39m\n            \u001b[33mclass\u001b[39m=\u001b[32m\"text-sm text-muted-foreground\"\u001b[39m\n          \u001b[36m>\u001b[39m\n            \u001b[0mCreate your account\u001b[0m\n          \u001b[36m</p>\u001b[39m\n          \u001b[36m<div\u001b[39m\n            \u001b[33mclass\u001b[39m=\u001b[32m\"grid grid-cols-2 gap-2 mt-2\"\u001b[39m\n          \u001b[36m>\u001b[39m\n            \u001b[36m<button\u001b[39m\n              \u001b[33mclass\u001b[39m=\u001b[32m\"inline-flex items-center justify-center whitespace-nowrap rounded-md text-sm font-medium ring-offset-background transition-colors focus-visible:outline-none focus-visible:ring-2 focus-visible:ring-ring focus-visible:ring-offset-2 disabled:pointer-events-none disabled:opacity-50 border border-input bg-background hover:bg-accent hover:text-accent-foreground h-10 px-4 py-2\"\u001b[39m\n              \u001b[33mtype\u001b[39m=\u001b[32m\"button\"\u001b[39m\n            \u001b[36m>\u001b[39m\n              \u001b[0mPassword\u001b[0m\n            \u001b[36m</button>\u001b[39m\n            \u001b[36m<button\u001b[39m\n              \u001b[33mclass\u001b[39m=\u001b[32m\"inline-flex items-center justify-center whitespace-nowrap rounded-md text-sm font-medium ring-offset-background transition-colors focus-visible:outline-none focus-visible:ring-2 focus-visible:ring-ring focus-visible:ring-offset-2 disabled:pointer-events-none disabled:opacity-50 bg-primary text-primary-foreground hover:bg-primary/90 h-10 px-4 py-2\"\u001b[39m\n              \u001b[33mtype\u001b[39m=\u001b[32m\"button\"\u001b[39m\n            \u001b[36m>\u001b[39m\n              \u001b[0mEmail Code\u001b[0m\n            \u001b[36m</button>\u001b[39m\n          \u001b[36m</div>\u001b[39m\n        \u001b[36m</div>\u001b[39m\n        \u001b[36m<div\u001b[39m\n          \u001b[33mclass\u001b[39m=\u001b[32m\"p-6 pt-0\"\u001b[39m\n        \u001b[36m>\u001b[39m\n          \u001b[36m<form\u001b[39m\n            \u001b[33mclass\u001b[39m=\u001b[32m\"space-y-4\"\u001b[39m\n          \u001b[36m>\u001b[39m\n            \u001b[36m<div\u001b[39m\n              \u001b[33mclass\u001b[39m=\u001b[32m\"space-y-2\"\u001b[39m\n            \u001b[36m>\u001b[39m\n              \u001b[36m<label\u001b[39m\n                \u001b[33mclass\u001b[39m=\u001b[32m\"text-sm font-medium\"\u001b[39m\n                \u001b[33mfor\u001b[39m=\u001b[32m\"name\"\u001b[39m\n              \u001b[36m>\u001b[39m\n                \u001b[0mName\u001b[0m\n              \u001b[36m</label>\u001b[39m\n              \u001b[36m<input\u001b[39m\n                \u001b[33mclass\u001b[39m=\u001b[32m\"flex h-10 w-full rounded-md border border-input bg-background px-3 py-2 text-sm ring-offset-background file:border-0 file:bg-transparent file:text-sm file:font-medium placeholder:text-muted-foreground focus-visible:outline-none focus-visible:ring-2 focus-visible:ring-ring focus-visible:ring-offset-2 disabled:cursor-not-allowed disabled:opacity-50\"\u001b[39m\n                \u001b[33mid\u001b[39m=\u001b[32m\"name\"\u001b[39m\n                \u001b[33mplaceholder\u001b[39m=\u001b[32m\"Your name\"\u001b[39m\n                \u001b[33mrequired\u001b[39m=\u001b[32m\"\"\u001b[39m\n                \u001b[33mtype\u001b[39m=\u001b[32m\"text\"\u001b[39m\n                \u001b[33mvalue\u001b[39m=\u001b[32m\"OTP User\"\u001b[39m\n              \u001b[36m/>\u001b[39m\n            \u001b[36m</div>\u001b[39m\n            \u001b[36m<div\u001b[39m\n              \u001b[33mclass\u001b[39m=\u001b[32m\"space-y-2\"\u001b[39m\n            \u001b[36m>\u001b[39m\n              \u001b[36m<label\u001b[39m\n                \u001b[33mclass\u001b[39m=\u001b[32m\"text-sm font-medium\"\u001b[39m\n                \u001b[33mfor\u001b[39m=\u001b[32m\"email\"\u001b[39m\n              \u001b[36m>\u001b[39m\n                \u001b[0mEmail\u001b[0m\n              \u001b[36m</label>\u001b[39m\n              \u001b[36m<input\u001b[39m\n                \u001b[33mclass\u001b[39m=\u001b[32m\"flex h-10 w-full rounded-md border border-input bg-background px-3 py-2 text-sm ring-offset-background file:border-0 file:bg-transparent file:text-sm file:font-medium placeholder:text-muted-foreground focus-visible:outline-none focus-visible:ring-2 focus-visible:ring-ring focus-visible:ring-offset-2 disabled:cursor-not-allowed disabled:opacity-50\"\u001b[39m\n                \u001b[33mid\u001b[39m=\u001b[32m\"email\"\u001b[39m\n                \u001b[33mplaceholder\u001b[39m=\u001b[32m\"you@example.com\"\u001b[39m\n                \u001b[33mrequired\u001b[39m=\u001b[32m\"\"\u001b[39m\n                \u001b[33mtype\u001b[39m=\u001b[32m\"email\"\u001b[39m\n                \u001b[33mvalue\u001b[39m=\u001b[32m\"otp-user@example.com\"\u001b[39m\n              \u001b[36m/>\u001b[39m\n            \u001b[36m</div>\u001b[39m\n            \u001b[36m<div\u001b[39m\n              \u001b[33mclass\u001b[39m=\u001b[32m\"space-y-2\"\u001b[39m\n            \u001b[36m>\u001b[39m\n              \u001b[36m<label\u001b[39m\n                \u001b[33mclass\u001b[39m=\u001b[32m\"text-sm font-medium\"\u001b[39m\n                \u001b[33mfor\u001b[39m=\u001b[32m\"workspace-name\"\u001b[39m\n              \u001b[36m>\u001b[39m\n                \u001b[0mWorkspace name (optional)\u001b[0m\n              \u001b[36m</label>\u001b[39m\n              \u001b[36m<input\u001b[39m\n                \u001b[33mclass\u001b[39m=\u001b[32m\"flex h-10 w-full rounded-md border border-input bg-background px-3 py-2 text-sm ring-offset-background file:border-0 file:bg-transparent file:text-sm file:font-medium placeholder:text-muted-foreground focus-visible:outline-none focus-visible:ring-2 focus-visible:ring-ring focus-visible:ring-offset-2 disabled:cursor-not-allowed disabled:opacity-50\"\u001b[39m\n                \u001b[33mid\u001b[39m=\u001b[32m\"workspace-name\"\u001b[39m\n                \u001b[33mplaceholder\u001b[39m=\u001b[32m\"Acme Support\"\u001b[39m\n                \u001b[33mtype\u001b[39m=\u001b[32m\"text\"\u001b[39m\n                \u001b[33mvalue\u001b[39m=\u001b[32m\"OTP Workspace\"\u001b[39m\n              \u001b[36m/>\u001b[39m\n            \u001b[36m</div>\u001b[39m\n            \u001b[36m<div\u001b[39m\n              \u001b[33mclass\u001b[39m=\u001b[32m\"space-y-2\"\u001b[39m\n            \u001b[36m>\u001b[39m\n              \u001b[36m<p\u001b[39m\n                \u001b[33mclass\u001b[39m=\u001b[32m\"text-sm text-muted-foreground\"\u001b[39m\n              \u001b[36m>\u001b[39m\n                \u001b[0mWe'll send a 6-digit verification code so you can create your account without a password.\u001b[0m\n              \u001b[36m</p>\u001b[39m\n            \u001b[36m</div>\u001b[39m\n            \u001b[36m<button\u001b[39m\n              \u001b[33mclass\u001b[39m=\u001b[32m\"inline-flex items-center justify-center whitespace-nowrap rounded-md text-sm font-medium ring-offset-background transition-colors focus-visible:outline-none focus-visible:ring-2 focus-visible:ring-ring focus-visible:ring-offset-2 disabled:pointer-events-none disabled:opacity-50 bg-primary text-primary-foreground hover:bg-primary/90 h-10 px-4 py-2 w-full\"\u001b[39m\n              \u001b[33mdisabled\u001b[39m=\u001b[32m\"\"\u001b[39m\n              \u001b[33mtype\u001b[39m=\u001b[32m\"submit\"\u001b[39m\n            \u001b[36m>\u001b[39m\n              \u001b[0mSending...\u001b[0m\n            \u001b[36m</button>\u001b[39m\n          \u001b[36m</form>\u001b[39m\n          \u001b[36m<div\u001b[39m\n            \u001b[33mclass\u001b[39m=\u001b[32m\"mt-4 text-center text-sm text-muted-foreground\"\u001b[39m\n          \u001b[36m>\u001b[39m\n            \u001b[0mAlready have an account?\u001b[0m\n            \u001b[0m \u001b[0m\n            \u001b[36m<a\u001b[39m\n              \u001b[33mclass\u001b[39m=\u001b[32m\"text-primary hover:underline\"\u001b[39m\n              \u001b[33mhref\u001b[39m=\u001b[32m\"/login\"\u001b[39m\n            \u001b[36m>\u001b[39m\n              \u001b[0mSign in\u001b[0m\n            \u001b[36m</a>\u001b[39m\n          \u001b[36m</div>\u001b[39m\n        \u001b[36m</div>\u001b[39m\n      \u001b[36m</div>\u001b[39m\n    \u001b[36m</div>\u001b[39m\n  \u001b[36m</div>\u001b[39m\n\u001b[36m</body>\u001b[39m\n    at Object.getElementError (/Users/jack/dev/Repos/opencom-prod/node_modules/.pnpm/@testing-library+dom@10.4.1/node_modules/@testing-library/dom/dist/config.js:37:19)\n    at /Users/jack/dev/Repos/opencom-prod/node_modules/.pnpm/@testing-library+dom@10.4.1/node_modules/@testing-library/dom/dist/query-helpers.js:76:38\n    at /Users/jack/dev/Repos/opencom-prod/node_modules/.pnpm/@testing-library+dom@10.4.1/node_modules/@testing-library/dom/dist/query-helpers.js:52:17\n    at /Users/jack/dev/Repos/opencom-prod/node_modules/.pnpm/@testing-library+dom@10.4.1/node_modules/@testing-library/dom/dist/query-helpers.js:95:19\n    at /Users/jack/dev/Repos/opencom-prod/apps/web/src/app/signup/page.test.tsx:181:29\n    at file:///Users/jack/dev/Repos/opencom-prod/node_modules/.pnpm/@vitest+runner@4.0.17/node_modules/@vitest/runner/dist/index.js:915:20"],"meta":{}}],"startTime":1773096374664,"endTime":1773096380395.8474,"status":"failed","message":"","name":"/Users/jack/dev/Repos/opencom-prod/apps/web/src/app/signup/page.test.tsx"},{"assertionResults":[{"ancestorTitles":["WidgetInstallGuide"],"fullName":"WidgetInstallGuide includes onboarding verification token in snippet when provided","status":"passed","title":"includes onboarding verification token in snippet when provided","duration":442.84666599999946,"failureMessages":[],"meta":{}},{"ancestorTitles":["WidgetInstallGuide"],"fullName":"WidgetInstallGuide switches to Next.js App Router snippet","status":"passed","title":"switches to Next.js App Router snippet","duration":3285.1808330000003,"failureMessages":[],"meta":{}},{"ancestorTitles":["WidgetInstallGuide"],"fullName":"WidgetInstallGuide supports custom heading content for wizard usage","status":"passed","title":"supports custom heading content for wizard usage","duration":480.5227909999994,"failureMessages":[],"meta":{}}],"startTime":1773096374349,"endTime":1773096378558.5227,"status":"passed","message":"","name":"/Users/jack/dev/Repos/opencom-prod/apps/web/src/components/__tests__/WidgetInstallGuide.test.tsx"},{"assertionResults":[{"ancestorTitles":["audienceRules helpers"],"fullName":"audienceRules helpers drops segment references from unknown payloads","status":"passed","title":"drops segment references from unknown payloads","duration":3.231999999999971,"failureMessages":[],"meta":{}},{"ancestorTitles":["audienceRules helpers"],"fullName":"audienceRules helpers keeps inline group/condition rules","status":"passed","title":"keeps inline group/condition rules","duration":1.014999999999418,"failureMessages":[],"meta":{}},{"ancestorTitles":["audienceRules helpers"],"fullName":"audienceRules helpers drops segment references from builder rules","status":"passed","title":"drops segment references from builder rules","duration":3.113041999999041,"failureMessages":[],"meta":{}}],"startTime":1773096398920,"endTime":1773096398927.113,"status":"passed","message":"","name":"/Users/jack/dev/Repos/opencom-prod/apps/web/src/lib/__tests__/audienceRules.test.ts"},{"assertionResults":[{"ancestorTitles":["inboxNotificationCues"],"fullName":"inboxNotificationCues loads defaults when storage is empty","status":"passed","title":"loads defaults when storage is empty","duration":22.725291999999172,"failureMessages":[],"meta":{}},{"ancestorTitles":["inboxNotificationCues"],"fullName":"inboxNotificationCues saves and reloads cue preferences","status":"passed","title":"saves and reloads cue preferences","duration":3.2783329999983835,"failureMessages":[],"meta":{}},{"ancestorTitles":["inboxNotificationCues"],"fullName":"inboxNotificationCues detects unread increases and ignores unchanged/decreased counts","status":"passed","title":"detects unread increases and ignores unchanged/decreased counts","duration":3.5997090000000753,"failureMessages":[],"meta":{}},{"ancestorTitles":["inboxNotificationCues"],"fullName":"inboxNotificationCues suppresses cues only when the same thread is focused","status":"passed","title":"suppresses cues only when the same thread is focused","duration":5.269832999998471,"failureMessages":[],"meta":{}},{"ancestorTitles":["inboxNotificationCues"],"fullName":"inboxNotificationCues broadcasts cue preference updates for same-tab listeners","status":"passed","title":"broadcasts cue preference updates for same-tab listeners","duration":1.8899590000000899,"failureMessages":[],"meta":{}}],"startTime":1773096396510,"endTime":1773096396546.89,"status":"passed","message":"","name":"/Users/jack/dev/Repos/opencom-prod/apps/web/src/lib/__tests__/inboxNotificationCues.test.ts"},{"assertionResults":[{"ancestorTitles":["parseMarkdown"],"fullName":"parseMarkdown renders markdown headings and lists","status":"passed","title":"renders markdown headings and lists","duration":483.0956249999999,"failureMessages":[],"meta":{}},{"ancestorTitles":["parseMarkdown"],"fullName":"parseMarkdown keeps safe images and removes dangerous protocols","status":"passed","title":"keeps safe images and removes dangerous protocols","duration":372.04429100000016,"failureMessages":[],"meta":{}}],"startTime":1773096383621,"endTime":1773096384476.0442,"status":"passed","message":"","name":"/Users/jack/dev/Repos/opencom-prod/apps/web/src/lib/__tests__/parseMarkdown.test.ts"},{"assertionResults":[{"ancestorTitles":["sanitizeHtml"],"fullName":"sanitizeHtml removes script-style active content","status":"passed","title":"removes script-style active content","duration":205.27741699999933,"failureMessages":[],"meta":{}},{"ancestorTitles":["sanitizeHtml"],"fullName":"sanitizeHtml removes inline event handlers","status":"passed","title":"removes inline event handlers","duration":43.590416999999434,"failureMessages":[],"meta":{}},{"ancestorTitles":["sanitizeHtml"],"fullName":"sanitizeHtml removes dangerous URL protocols","status":"passed","title":"removes dangerous URL protocols","duration":24.003749999999854,"failureMessages":[],"meta":{}},{"ancestorTitles":["sanitizeHtml"],"fullName":"sanitizeHtml preserves safe formatting","status":"passed","title":"preserves safe formatting","duration":279.5556669999987,"failureMessages":[],"meta":{}}],"startTime":1773096372731,"endTime":1773096373284.5557,"status":"passed","message":"","name":"/Users/jack/dev/Repos/opencom-prod/apps/web/src/lib/__tests__/sanitizeHtml.test.ts"},{"assertionResults":[{"ancestorTitles":["visitorIdentity"],"fullName":"visitorIdentity keeps deterministic numbered output aligned with shared formatter","status":"passed","title":"keeps deterministic numbered output aligned with shared formatter","duration":4.005667000000358,"failureMessages":[],"meta":{}},{"ancestorTitles":["visitorIdentity"],"fullName":"visitorIdentity keeps deterministic verb output for web-only variant","status":"passed","title":"keeps deterministic verb output for web-only variant","duration":3.8512909999999465,"failureMessages":[],"meta":{}},{"ancestorTitles":["visitorIdentity"],"fullName":"visitorIdentity applies identity-label fallback precedence","status":"passed","title":"applies identity-label fallback precedence","duration":18.01379200000065,"failureMessages":[],"meta":{}},{"ancestorTitles":["visitorIdentity"],"fullName":"visitorIdentity applies email label fallback precedence","status":"passed","title":"applies email label fallback precedence","duration":2.31708400000025,"failureMessages":[],"meta":{}}],"startTime":1773096389812,"endTime":1773096389840.3171,"status":"passed","message":"","name":"/Users/jack/dev/Repos/opencom-prod/apps/web/src/lib/__tests__/visitorIdentity.test.ts"},{"assertionResults":[{"ancestorTitles":["ArticleEditorPage"],"fullName":"ArticleEditorPage saves internal article visibility and tags through the unified editor","status":"passed","title":"saves internal article visibility and tags through the unified editor","duration":5499.593042,"failureMessages":[],"meta":{}},{"ancestorTitles":["ArticleEditorPage"],"fullName":"ArticleEditorPage clears tags when saving an article back to public visibility","status":"passed","title":"clears tags when saving an article back to public visibility","duration":1142.1755830000002,"failureMessages":[],"meta":{}}],"startTime":1773096374952,"endTime":1773096381615.1755,"status":"passed","message":"","name":"/Users/jack/dev/Repos/opencom-prod/apps/web/src/app/articles/[id]/page.test.tsx"},{"assertionResults":[{"ancestorTitles":["useInboxAttentionCues"],"fullName":"useInboxAttentionCues computes title with unread badge prefix","status":"passed","title":"computes title with unread badge prefix","duration":12.516125000000102,"failureMessages":[],"meta":{}},{"ancestorTitles":["useInboxAttentionCues"],"fullName":"useInboxAttentionCues filters out suppressed increases for selected visible conversation","status":"passed","title":"filters out suppressed increases for selected visible conversation","duration":7.549833000000945,"failureMessages":[],"meta":{}},{"ancestorTitles":["useInboxAttentionCues"],"fullName":"useInboxAttentionCues updates document title from unread total and restores base title on unmount","status":"passed","title":"updates document title from unread total and restores base title on unmount","duration":187.87225000000035,"failureMessages":[],"meta":{}},{"ancestorTitles":["useInboxAttentionCues"],"fullName":"useInboxAttentionCues suppresses cue for selected focused thread but cues other increased threads","status":"passed","title":"suppresses cue for selected focused thread but cues other increased threads","duration":19.600916999999754,"failureMessages":[],"meta":{}}],"startTime":1773096387354,"endTime":1773096387581.6008,"status":"passed","message":"","name":"/Users/jack/dev/Repos/opencom-prod/apps/web/src/app/inbox/hooks/useInboxAttentionCues.test.tsx"},{"assertionResults":[{"ancestorTitles":["useInboxCompactPanels"],"fullName":"useInboxCompactPanels exposes compact reset helper semantics","status":"passed","title":"exposes compact reset helper semantics","duration":10.975374999999985,"failureMessages":[],"meta":{}},{"ancestorTitles":["useInboxCompactPanels"],"fullName":"useInboxCompactPanels resets suggestions panel when sidecar is disabled","status":"passed","title":"resets suggestions panel when sidecar is disabled","duration":7.519792000000052,"failureMessages":[],"meta":{}},{"ancestorTitles":["useInboxCompactPanels"],"fullName":"useInboxCompactPanels closes active compact panel when viewport or sidecar constraints change","status":"passed","title":"closes active compact panel when viewport or sidecar constraints change","duration":332.32858399999986,"failureMessages":[],"meta":{}},{"ancestorTitles":["useInboxCompactPanels"],"fullName":"useInboxCompactPanels closeCompactPanel resets panel and focuses reply input","status":"passed","title":"closeCompactPanel resets panel and focuses reply input","duration":138.86829099999886,"failureMessages":[],"meta":{}}],"startTime":1773096389665,"endTime":1773096390154.8684,"status":"passed","message":"","name":"/Users/jack/dev/Repos/opencom-prod/apps/web/src/app/inbox/hooks/useInboxCompactPanels.test.tsx"},{"assertionResults":[{"ancestorTitles":["useInboxSelectionSync"],"fullName":"useInboxSelectionSync parses both conversationId and legacy conversation query keys","status":"passed","title":"parses both conversationId and legacy conversation query keys","duration":1.4465829999999187,"failureMessages":[],"meta":{}},{"ancestorTitles":["useInboxSelectionSync"],"fullName":"useInboxSelectionSync builds inbox routes with selected id and strips legacy query keys","status":"passed","title":"builds inbox routes with selected id and strips legacy query keys","duration":4.7150000000001455,"failureMessages":[],"meta":{}},{"ancestorTitles":["useInboxSelectionSync"],"fullName":"useInboxSelectionSync adopts a valid query conversation id into selected state","status":"passed","title":"adopts a valid query conversation id into selected state","duration":191.00479200000063,"failureMessages":[],"meta":{}},{"ancestorTitles":["useInboxSelectionSync"],"fullName":"useInboxSelectionSync clears invalid selected conversation and resets compact state","status":"passed","title":"clears invalid selected conversation and resets compact state","duration":21.418791999999485,"failureMessages":[],"meta":{}},{"ancestorTitles":["useInboxSelectionSync"],"fullName":"useInboxSelectionSync updates url when selection differs from query and removes legacy key","status":"passed","title":"updates url when selection differs from query and removes legacy key","duration":32.704249999999774,"failureMessages":[],"meta":{}}],"startTime":1773096388361,"endTime":1773096388612.7043,"status":"passed","message":"","name":"/Users/jack/dev/Repos/opencom-prod/apps/web/src/app/inbox/hooks/useInboxSelectionSync.test.tsx"},{"assertionResults":[{"ancestorTitles":["editorState"],"fullName":"editorState returns isolated default click action state objects","status":"passed","title":"returns isolated default click action state objects","duration":2.175374999998894,"failureMessages":[],"meta":{}},{"ancestorTitles":["editorState"],"fullName":"editorState returns isolated default post button state objects","status":"passed","title":"returns isolated default post button state objects","duration":0.5249999999996362,"failureMessages":[],"meta":{}},{"ancestorTitles":["editorState"],"fullName":"editorState builds preview button metadata from the post button form state","status":"passed","title":"builds preview button metadata from the post button form state","duration":3.50079199999891,"failureMessages":[],"meta":{}},{"ancestorTitles":["editorState"],"fullName":"editorState summarizes the current click action for the preview panel","status":"passed","title":"summarizes the current click action for the preview panel","duration":2.5681659999991098,"failureMessages":[],"meta":{}}],"startTime":1773096398318,"endTime":1773096398326.568,"status":"passed","message":"","name":"/Users/jack/dev/Repos/opencom-prod/apps/web/src/app/outbound/[id]/editorState.test.ts"},{"assertionResults":[{"ancestorTitles":["getDefaultQuestionOptions"],"fullName":"getDefaultQuestionOptions returns expected defaults for question types with options","status":"passed","title":"returns expected defaults for question types with options","duration":7.850209000000177,"failureMessages":[],"meta":{}},{"ancestorTitles":["useSurveyQuestionEditor"],"fullName":"useSurveyQuestionEditor adds and updates questions while tracking dirty state","status":"passed","title":"adds and updates questions while tracking dirty state","duration":124.79149999999936,"failureMessages":[],"meta":{}},{"ancestorTitles":["useSurveyQuestionEditor"],"fullName":"useSurveyQuestionEditor moves and removes questions","status":"passed","title":"moves and removes questions","duration":22.688750000000255,"failureMessages":[],"meta":{}}],"startTime":1773096387699,"endTime":1773096387855.6887,"status":"passed","message":"","name":"/Users/jack/dev/Repos/opencom-prod/apps/web/src/app/surveys/[id]/useSurveyQuestionEditor.test.tsx"},{"assertionResults":[{"ancestorTitles":["tourEditorTypes"],"fullName":"tourEditorTypes returns isolated default step data objects","status":"passed","title":"returns isolated default step data objects","duration":20.513708000000406,"failureMessages":[],"meta":{}},{"ancestorTitles":["tourEditorTypes"],"fullName":"tourEditorTypes normalizes trimmed save data and surfaces selector validation","status":"passed","title":"normalizes trimmed save data and surfaces selector validation","duration":12.620875000000524,"failureMessages":[],"meta":{}},{"ancestorTitles":["tourEditorTypes"],"fullName":"tourEditorTypes compares routes consistently across relative and absolute paths","status":"passed","title":"compares routes consistently across relative and absolute paths","duration":11.171124999998938,"failureMessages":[],"meta":{}},{"ancestorTitles":["tourEditorTypes"],"fullName":"tourEditorTypes hydrates form state from a saved step document","status":"passed","title":"hydrates form state from a saved step document","duration":11.312749999999141,"failureMessages":[],"meta":{}}],"startTime":1773096391431,"endTime":1773096391487.3127,"status":"passed","message":"","name":"/Users/jack/dev/Repos/opencom-prod/apps/web/src/app/tours/[id]/tourEditorTypes.test.ts"}]}